<?xml version="1.0" encoding="UTF-8"?>
<!-- Generated by org.testng.reporters.JUnitReportReporter -->
<testsuite hostname="dElL" failures="0" tests="2" name="com.TestNG.TestNG" time="14.861" errors="0" timestamp="2022-03-07T22:57:05 IST" skipped="0">
  <testcase classname="com.TestNG.TestNG" name="verifyPageTitleTest" time="6.969"/>
  <system-out/>
  <testcase classname="com.TestNG.TestNG" name="verifyFreeCRMLogoTest" time="7.892"/>
  <system-out/>
</testsuite> <!-- com.TestNG.TestNG -->
